<?xml version="1.0" encoding="UTF-8"?>
<testsuite xmlns:xsi="http://www.w3.org/2001/XMLSchema-instance" xsi:noNamespaceSchemaLocation="https://maven.apache.org/surefire/maven-surefire-plugin/xsd/surefire-test-report.xsd" name="TextUtilityTest" time="0" tests="2" errors="0" skipped="0" failures="0">
  <properties>
    <property name="sun.desktop" value="windows"/>
    <property name="awt.toolkit" value="sun.awt.windows.WToolkit"/>
    <property name="file.encoding.pkg" value="sun.io"/>
    <property name="java.specification.version" value="1.8"/>
    <property name="sun.cpu.isalist" value="amd64"/>
    <property name="sun.jnu.encoding" value="Cp1252"/>
    <property name="java.class.path" value="D:\DOWN\New Books\upwrk_workspace\Naseebah Hassan\AraInfoRetrieval\target\test-classes;D:\DOWN\New Books\upwrk_workspace\Naseebah Hassan\AraInfoRetrieval\target\classes;C:\Users\infra\.m2\repository\org\hibernate\hibernate-core\4.3.8.Final\hibernate-core-4.3.8.Final.jar;C:\Users\infra\.m2\repository\org\jboss\logging\jboss-logging\3.1.3.GA\jboss-logging-3.1.3.GA.jar;C:\Users\infra\.m2\repository\org\jboss\logging\jboss-logging-annotations\1.2.0.Beta1\jboss-logging-annotations-1.2.0.Beta1.jar;C:\Users\infra\.m2\repository\org\jboss\spec\javax\transaction\jboss-transaction-api_1.2_spec\1.0.0.Final\jboss-transaction-api_1.2_spec-1.0.0.Final.jar;C:\Users\infra\.m2\repository\dom4j\dom4j\1.6.1\dom4j-1.6.1.jar;C:\Users\infra\.m2\repository\xml-apis\xml-apis\1.0.b2\xml-apis-1.0.b2.jar;C:\Users\infra\.m2\repository\org\hibernate\common\hibernate-commons-annotations\4.0.5.Final\hibernate-commons-annotations-4.0.5.Final.jar;C:\Users\infra\.m2\repository\org\hibernate\javax\persistence\hibernate-jpa-2.1-api\1.0.0.Final\hibernate-jpa-2.1-api-1.0.0.Final.jar;C:\Users\infra\.m2\repository\org\javassist\javassist\3.18.1-GA\javassist-3.18.1-GA.jar;C:\Users\infra\.m2\repository\antlr\antlr\2.7.7\antlr-2.7.7.jar;C:\Users\infra\.m2\repository\org\jboss\jandex\1.1.0.Final\jandex-1.1.0.Final.jar;C:\Users\infra\.m2\repository\org\hibernate\hibernate-entitymanager\4.3.8.Final\hibernate-entitymanager-4.3.8.Final.jar;C:\Users\infra\.m2\repository\org\hibernate\hibernate-annotations\3.5.6-Final\hibernate-annotations-3.5.6-Final.jar;C:\Users\infra\.m2\repository\org\hibernate\hibernate-commons-annotations\3.2.0.Final\hibernate-commons-annotations-3.2.0.Final.jar;C:\Users\infra\.m2\repository\org\hibernate\javax\persistence\hibernate-jpa-2.0-api\1.0.0.Final\hibernate-jpa-2.0-api-1.0.0.Final.jar;C:\Users\infra\.m2\repository\org\hibernate\hibernate-search-orm\5.0.1.Final\hibernate-search-orm-5.0.1.Final.jar;C:\Users\infra\.m2\repository\org\hibernate\hibernate-search-engine\5.0.1.Final\hibernate-search-engine-5.0.1.Final.jar;C:\Users\infra\.m2\repository\org\apache\lucene\lucene-facet\4.10.3\lucene-facet-4.10.3.jar;C:\Users\infra\.m2\repository\org\hibernate\hibernate-search-infinispan\5.0.1.Final\hibernate-search-infinispan-5.0.1.Final.jar;C:\Users\infra\.m2\repository\org\infinispan\infinispan-lucene-directory\7.0.2.Final\infinispan-lucene-directory-7.0.2.Final.jar;C:\Users\infra\.m2\repository\org\infinispan\infinispan-core\7.0.2.Final\infinispan-core-7.0.2.Final.jar;C:\Users\infra\.m2\repository\org\infinispan\infinispan-commons\7.0.2.Final\infinispan-commons-7.0.2.Final.jar;C:\Users\infra\.m2\repository\org\jgroups\jgroups\3.6.0.Final\jgroups-3.6.0.Final.jar;C:\Users\infra\.m2\repository\org\jboss\spec\javax\transaction\jboss-transaction-api_1.1_spec\1.0.1.Final\jboss-transaction-api_1.1_spec-1.0.1.Final.jar;C:\Users\infra\.m2\repository\org\jboss\marshalling\jboss-marshalling-osgi\1.4.4.Final\jboss-marshalling-osgi-1.4.4.Final.jar;C:\Users\infra\.m2\repository\mysql\mysql-connector-java\5.1.45\mysql-connector-java-5.1.45.jar;C:\Users\infra\.m2\repository\junit\junit\4.12\junit-4.12.jar;C:\Users\infra\.m2\repository\org\hamcrest\hamcrest-core\1.3\hamcrest-core-1.3.jar;C:\Users\infra\.m2\repository\org\apache\derby\derby\10.14.1.0\derby-10.14.1.0.jar;C:\Users\infra\.m2\repository\edu\stanford\nlp\stanford-corenlp\3.8.0\stanford-corenlp-3.8.0.jar;C:\Users\infra\.m2\repository\com\apple\AppleJavaExtensions\1.4\AppleJavaExtensions-1.4.jar;C:\Users\infra\.m2\repository\de\jollyday\jollyday\0.4.9\jollyday-0.4.9.jar;C:\Users\infra\.m2\repository\javax\xml\bind\jaxb-api\2.2.7\jaxb-api-2.2.7.jar;C:\Users\infra\.m2\repository\org\apache\commons\commons-lang3\3.3.1\commons-lang3-3.3.1.jar;C:\Users\infra\.m2\repository\org\apache\lucene\lucene-queryparser\4.10.3\lucene-queryparser-4.10.3.jar;C:\Users\infra\.m2\repository\org\apache\lucene\lucene-sandbox\4.10.3\lucene-sandbox-4.10.3.jar;C:\Users\infra\.m2\repository\org\apache\lucene\lucene-analyzers-common\4.10.3\lucene-analyzers-common-4.10.3.jar;C:\Users\infra\.m2\repository\org\apache\lucene\lucene-queries\4.10.3\lucene-queries-4.10.3.jar;C:\Users\infra\.m2\repository\org\apache\lucene\lucene-core\4.10.3\lucene-core-4.10.3.jar;C:\Users\infra\.m2\repository\javax\servlet\javax.servlet-api\3.0.1\javax.servlet-api-3.0.1.jar;C:\Users\infra\.m2\repository\com\io7m\xom\xom\1.2.10\xom-1.2.10.jar;C:\Users\infra\.m2\repository\xerces\xercesImpl\2.8.0\xercesImpl-2.8.0.jar;C:\Users\infra\.m2\repository\xalan\xalan\2.7.0\xalan-2.7.0.jar;C:\Users\infra\.m2\repository\joda-time\joda-time\2.9.4\joda-time-2.9.4.jar;C:\Users\infra\.m2\repository\com\googlecode\efficient-java-matrix-library\ejml\0.23\ejml-0.23.jar;C:\Users\infra\.m2\repository\org\glassfish\javax.json\1.0.4\javax.json-1.0.4.jar;C:\Users\infra\.m2\repository\com\google\protobuf\protobuf-java\3.2.0\protobuf-java-3.2.0.jar;C:\Users\infra\.m2\repository\org\slf4j\slf4j-api\1.7.25\slf4j-api-1.7.25.jar;"/>
    <property name="java.vm.vendor" value="Oracle Corporation"/>
    <property name="sun.arch.data.model" value="64"/>
    <property name="user.variant" value=""/>
    <property name="java.vendor.url" value="http://java.oracle.com/"/>
    <property name="user.timezone" value=""/>
    <property name="java.vm.specification.version" value="1.8"/>
    <property name="os.name" value="Windows 10"/>
    <property name="user.country" value="FR"/>
    <property name="sun.java.launcher" value="SUN_STANDARD"/>
    <property name="sun.boot.library.path" value="C:\Program Files\Java\jdk1.8.0_60\jre\bin"/>
    <property name="sun.java.command" value="C:\Users\infra\AppData\Local\Temp\surefire332654844295383338\surefirebooter9042574255632584587.jar C:\Users\infra\AppData\Local\Temp\surefire332654844295383338 2017-12-14T13-40-26_893-jvmRun1 surefire3183237020559008692tmp surefire_07282787840609256406tmp"/>
    <property name="surefire.test.class.path" value="D:\DOWN\New Books\upwrk_workspace\Naseebah Hassan\AraInfoRetrieval\target\test-classes;D:\DOWN\New Books\upwrk_workspace\Naseebah Hassan\AraInfoRetrieval\target\classes;C:\Users\infra\.m2\repository\org\hibernate\hibernate-core\4.3.8.Final\hibernate-core-4.3.8.Final.jar;C:\Users\infra\.m2\repository\org\jboss\logging\jboss-logging\3.1.3.GA\jboss-logging-3.1.3.GA.jar;C:\Users\infra\.m2\repository\org\jboss\logging\jboss-logging-annotations\1.2.0.Beta1\jboss-logging-annotations-1.2.0.Beta1.jar;C:\Users\infra\.m2\repository\org\jboss\spec\javax\transaction\jboss-transaction-api_1.2_spec\1.0.0.Final\jboss-transaction-api_1.2_spec-1.0.0.Final.jar;C:\Users\infra\.m2\repository\dom4j\dom4j\1.6.1\dom4j-1.6.1.jar;C:\Users\infra\.m2\repository\xml-apis\xml-apis\1.0.b2\xml-apis-1.0.b2.jar;C:\Users\infra\.m2\repository\org\hibernate\common\hibernate-commons-annotations\4.0.5.Final\hibernate-commons-annotations-4.0.5.Final.jar;C:\Users\infra\.m2\repository\org\hibernate\javax\persistence\hibernate-jpa-2.1-api\1.0.0.Final\hibernate-jpa-2.1-api-1.0.0.Final.jar;C:\Users\infra\.m2\repository\org\javassist\javassist\3.18.1-GA\javassist-3.18.1-GA.jar;C:\Users\infra\.m2\repository\antlr\antlr\2.7.7\antlr-2.7.7.jar;C:\Users\infra\.m2\repository\org\jboss\jandex\1.1.0.Final\jandex-1.1.0.Final.jar;C:\Users\infra\.m2\repository\org\hibernate\hibernate-entitymanager\4.3.8.Final\hibernate-entitymanager-4.3.8.Final.jar;C:\Users\infra\.m2\repository\org\hibernate\hibernate-annotations\3.5.6-Final\hibernate-annotations-3.5.6-Final.jar;C:\Users\infra\.m2\repository\org\hibernate\hibernate-commons-annotations\3.2.0.Final\hibernate-commons-annotations-3.2.0.Final.jar;C:\Users\infra\.m2\repository\org\hibernate\javax\persistence\hibernate-jpa-2.0-api\1.0.0.Final\hibernate-jpa-2.0-api-1.0.0.Final.jar;C:\Users\infra\.m2\repository\org\hibernate\hibernate-search-orm\5.0.1.Final\hibernate-search-orm-5.0.1.Final.jar;C:\Users\infra\.m2\repository\org\hibernate\hibernate-search-engine\5.0.1.Final\hibernate-search-engine-5.0.1.Final.jar;C:\Users\infra\.m2\repository\org\apache\lucene\lucene-facet\4.10.3\lucene-facet-4.10.3.jar;C:\Users\infra\.m2\repository\org\hibernate\hibernate-search-infinispan\5.0.1.Final\hibernate-search-infinispan-5.0.1.Final.jar;C:\Users\infra\.m2\repository\org\infinispan\infinispan-lucene-directory\7.0.2.Final\infinispan-lucene-directory-7.0.2.Final.jar;C:\Users\infra\.m2\repository\org\infinispan\infinispan-core\7.0.2.Final\infinispan-core-7.0.2.Final.jar;C:\Users\infra\.m2\repository\org\infinispan\infinispan-commons\7.0.2.Final\infinispan-commons-7.0.2.Final.jar;C:\Users\infra\.m2\repository\org\jgroups\jgroups\3.6.0.Final\jgroups-3.6.0.Final.jar;C:\Users\infra\.m2\repository\org\jboss\spec\javax\transaction\jboss-transaction-api_1.1_spec\1.0.1.Final\jboss-transaction-api_1.1_spec-1.0.1.Final.jar;C:\Users\infra\.m2\repository\org\jboss\marshalling\jboss-marshalling-osgi\1.4.4.Final\jboss-marshalling-osgi-1.4.4.Final.jar;C:\Users\infra\.m2\repository\mysql\mysql-connector-java\5.1.45\mysql-connector-java-5.1.45.jar;C:\Users\infra\.m2\repository\junit\junit\4.12\junit-4.12.jar;C:\Users\infra\.m2\repository\org\hamcrest\hamcrest-core\1.3\hamcrest-core-1.3.jar;C:\Users\infra\.m2\repository\org\apache\derby\derby\10.14.1.0\derby-10.14.1.0.jar;C:\Users\infra\.m2\repository\edu\stanford\nlp\stanford-corenlp\3.8.0\stanford-corenlp-3.8.0.jar;C:\Users\infra\.m2\repository\com\apple\AppleJavaExtensions\1.4\AppleJavaExtensions-1.4.jar;C:\Users\infra\.m2\repository\de\jollyday\jollyday\0.4.9\jollyday-0.4.9.jar;C:\Users\infra\.m2\repository\javax\xml\bind\jaxb-api\2.2.7\jaxb-api-2.2.7.jar;C:\Users\infra\.m2\repository\org\apache\commons\commons-lang3\3.3.1\commons-lang3-3.3.1.jar;C:\Users\infra\.m2\repository\org\apache\lucene\lucene-queryparser\4.10.3\lucene-queryparser-4.10.3.jar;C:\Users\infra\.m2\repository\org\apache\lucene\lucene-sandbox\4.10.3\lucene-sandbox-4.10.3.jar;C:\Users\infra\.m2\repository\org\apache\lucene\lucene-analyzers-common\4.10.3\lucene-analyzers-common-4.10.3.jar;C:\Users\infra\.m2\repository\org\apache\lucene\lucene-queries\4.10.3\lucene-queries-4.10.3.jar;C:\Users\infra\.m2\repository\org\apache\lucene\lucene-core\4.10.3\lucene-core-4.10.3.jar;C:\Users\infra\.m2\repository\javax\servlet\javax.servlet-api\3.0.1\javax.servlet-api-3.0.1.jar;C:\Users\infra\.m2\repository\com\io7m\xom\xom\1.2.10\xom-1.2.10.jar;C:\Users\infra\.m2\repository\xerces\xercesImpl\2.8.0\xercesImpl-2.8.0.jar;C:\Users\infra\.m2\repository\xalan\xalan\2.7.0\xalan-2.7.0.jar;C:\Users\infra\.m2\repository\joda-time\joda-time\2.9.4\joda-time-2.9.4.jar;C:\Users\infra\.m2\repository\com\googlecode\efficient-java-matrix-library\ejml\0.23\ejml-0.23.jar;C:\Users\infra\.m2\repository\org\glassfish\javax.json\1.0.4\javax.json-1.0.4.jar;C:\Users\infra\.m2\repository\com\google\protobuf\protobuf-java\3.2.0\protobuf-java-3.2.0.jar;C:\Users\infra\.m2\repository\org\slf4j\slf4j-api\1.7.25\slf4j-api-1.7.25.jar;"/>
    <property name="sun.cpu.endian" value="little"/>
    <property name="user.home" value="C:\Users\infra"/>
    <property name="user.language" value="fr"/>
    <property name="java.specification.vendor" value="Oracle Corporation"/>
    <property name="java.home" value="C:\Program Files\Java\jdk1.8.0_60\jre"/>
    <property name="basedir" value="D:\DOWN\New Books\upwrk_workspace\Naseebah Hassan\AraInfoRetrieval"/>
    <property name="file.separator" value="\"/>
    <property name="line.separator" value="&#10;"/>
    <property name="java.vm.specification.vendor" value="Oracle Corporation"/>
    <property name="java.specification.name" value="Java Platform API Specification"/>
    <property name="java.awt.graphicsenv" value="sun.awt.Win32GraphicsEnvironment"/>
    <property name="surefire.real.class.path" value="C:\Users\infra\AppData\Local\Temp\surefire332654844295383338\surefirebooter9042574255632584587.jar"/>
    <property name="sun.boot.class.path" value="C:\Program Files\Java\jdk1.8.0_60\jre\lib\resources.jar;C:\Program Files\Java\jdk1.8.0_60\jre\lib\rt.jar;C:\Program Files\Java\jdk1.8.0_60\jre\lib\sunrsasign.jar;C:\Program Files\Java\jdk1.8.0_60\jre\lib\jsse.jar;C:\Program Files\Java\jdk1.8.0_60\jre\lib\jce.jar;C:\Program Files\Java\jdk1.8.0_60\jre\lib\charsets.jar;C:\Program Files\Java\jdk1.8.0_60\jre\lib\jfr.jar;C:\Program Files\Java\jdk1.8.0_60\jre\classes"/>
    <property name="user.script" value=""/>
    <property name="sun.management.compiler" value="HotSpot 64-Bit Tiered Compilers"/>
    <property name="java.runtime.version" value="1.8.0_60-b27"/>
    <property name="user.name" value="infra"/>
    <property name="path.separator" value=";"/>
    <property name="os.version" value="10.0"/>
    <property name="java.endorsed.dirs" value="C:\Program Files\Java\jdk1.8.0_60\jre\lib\endorsed"/>
    <property name="java.runtime.name" value="Java(TM) SE Runtime Environment"/>
    <property name="file.encoding" value="Cp1252"/>
    <property name="java.vm.name" value="Java HotSpot(TM) 64-Bit Server VM"/>
    <property name="localRepository" value="C:\Users\infra\.m2\repository"/>
    <property name="java.vendor.url.bug" value="http://bugreport.sun.com/bugreport/"/>
    <property name="java.io.tmpdir" value="C:\Users\infra\AppData\Local\Temp\"/>
    <property name="idea.version" value="2017.3"/>
    <property name="java.version" value="1.8.0_60"/>
    <property name="user.dir" value="D:\DOWN\New Books\upwrk_workspace\Naseebah Hassan\AraInfoRetrieval"/>
    <property name="os.arch" value="amd64"/>
    <property name="java.vm.specification.name" value="Java Virtual Machine Specification"/>
    <property name="java.awt.printerjob" value="sun.awt.windows.WPrinterJob"/>
    <property name="sun.os.patch.level" value=""/>
    <property name="java.library.path" value="C:\Program Files\Java\jdk1.8.0_60\jre\bin;C:\WINDOWS\Sun\Java\bin;C:\WINDOWS\system32;C:\WINDOWS;C:\oraclexe\app\oracle\product\11.2.0\server\bin;C:\Program Files\Java\jdk1.8.0_60\bin;C:\Program Files (x86)\NVIDIA Corporation\PhysX\Common;c:\Program Files (x86)\Intel\iCLS Client\;c:\Program Files\Intel\iCLS Client\;C:\WINDOWS\system32;C:\WINDOWS;C:\WINDOWS\System32\Wbem;C:\WINDOWS\System32\WindowsPowerShell\v1.0\;C:\Program Files\Intel\Intel(R) Management Engine Components\DAL;C:\Program Files\Intel\Intel(R) Management Engine Components\IPT;C:\Program Files (x86)\Intel\Intel(R) Management Engine Components\DAL;C:\Program Files (x86)\Intel\Intel(R) Management Engine Components\IPT;C:\Program Files\Intel\WiFi\bin\;C:\Program Files\Common Files\Intel\WirelessCommon\;C:\Program Files (x86)\MySQL\MySQL Fabric 1.5.4 &amp; MySQL Utilities 1.5.4 1.5\;C:\Program Files (x86)\MySQL\MySQL Fabric 1.5.4 &amp; MySQL Utilities 1.5.4 1.5\Doctrine extensions for PHP\;C:\Program Files\MySQL\MySQL Server 5.6\bin;C:\Program Files\Git\cmd;C:\Users\infra\Desktop\Server\apache-maven-3.5.0\bin;C:\Program Files (x86)\Windows Kits\8.1\Windows Performance Toolkit\;C:\Program Files\Microsoft SQL Server\110\Tools\Binn\;C:\Program Files (x86)\Microsoft SDKs\TypeScript\1.0\;C:\Program Files (x86)\CloudFoundry;C:\wamp\bin\php\php5.5.12;C:\ProgramData\ComposerSetup\bin;C:\Program Files (x86)\Yarn\bin;&quot;C:\Program Files\nodejs&quot;;C:\Ruby22-x64\bin;C:\Users\infra\AppData\Roaming\Composer\vendor\bin;C:\Users\infra\AppData\Local\Microsoft\WindowsApps;C:\Program Files\Heroku\bin;C:\Users\infra\AppData\Local\Yarn\bin;C:\Users\infra\AppData\Roaming\npm;."/>
    <property name="java.vm.info" value="mixed mode"/>
    <property name="java.vendor" value="Oracle Corporation"/>
    <property name="java.vm.version" value="25.60-b23"/>
    <property name="java.ext.dirs" value="C:\Program Files\Java\jdk1.8.0_60\jre\lib\ext;C:\WINDOWS\Sun\Java\lib\ext"/>
    <property name="sun.io.unicode.encoding" value="UnicodeLittle"/>
    <property name="java.class.version" value="52.0"/>
  </properties>
  <testcase name="testRemoveStopWords" classname="TextUtilityTest" time="0"/>
  <testcase name="testTokenize" classname="TextUtilityTest" time="0"/>
</testsuite>